[MAQAO] PROCESS LAUNCHED (host kali, process 20894)
                   0;              2764800;             88798676;           0.031
                   1;              2764800;             82706071;           0.033
                   2;              2764800;             82864390;           0.033
                   3;              2764800;             87537693;           0.032
                   4;              2764800;             89748325;           0.031
                   5;              2764800;             87969032;           0.031
                   6;              2764800;             85830608;           0.032
                   7;              2764800;             83788990;           0.033
                   8;              2764800;             83489219;           0.033
                   9;              2764800;             83255212;           0.033
                  10;              2764800;             82674237;           0.033
                  11;              2764800;             83630249;           0.033
                  12;              2764800;             82988141;           0.033
                  13;              2764800;             83778392;           0.033
                  14;              2764800;             85958598;           0.032
                  15;              2764800;             88339578;           0.031
                  16;              2764800;             88176787;           0.031
                  17;              2764800;             87742416;           0.032
                  18;              2764800;             88431150;           0.031
                  19;              2764800;             89187029;           0.031
                  20;              2764800;             86741968;           0.032
                  21;              2764800;             89929572;           0.031
                  22;              2764800;             87455519;           0.032
                  23;              2764800;             89527175;           0.031
                  24;              2764800;             87016854;           0.032
                  25;              2764800;             88818849;           0.031
                  26;              2764800;             89082487;           0.031
                  27;              2764800;             88974889;           0.031
                  28;              2764800;             88366430;           0.031
                  29;              2764800;             88076217;           0.031
                  30;              2764800;             88447383;           0.031
                  31;              2764800;             86839765;           0.032
                  32;              2764800;             86005153;           0.032
                  33;              2764800;             85826015;           0.032
                  34;              2764800;             84826919;           0.033
                  35;              2764800;             85289746;           0.032
                  36;              2764800;             84964679;           0.033
                  37;              2764800;             85645344;           0.032
                  38;              2764800;             85957602;           0.032
                  39;              2764800;             85661976;           0.032
                  40;              2764800;             86240314;           0.032
                  41;              2764800;             84946275;           0.033
                  42;              2764800;             86153119;           0.032
                  43;              2764800;             86319899;           0.032
                  44;              2764800;             85779502;           0.032
                  45;              2764800;             85125078;           0.032
                  46;              2764800;             85724556;           0.032
                  47;              2764800;             84725821;           0.033
                  48;              2764800;             85813779;           0.032
                  49;              2764800;             85565556;           0.032
                  50;              2764800;             85155072;           0.032
                  51;              2764800;             85945887;           0.032
                  52;              2764800;             84824488;           0.033
                  53;              2764800;             86916290;           0.032
                  54;              2764800;             85051424;           0.033
                  55;              2764800;             85337544;           0.032
                  56;              2764800;            102277211;           0.027
                  57;              2764800;             88459360;           0.031
                  58;              2764800;             93683381;           0.030
                  59;              2764800;             87848482;           0.031
                  60;              2764800;             91280110;           0.030
                  61;              2764800;            111188588;           0.025
                  62;              2764800;             85309012;           0.032
                  63;              2764800;             88705404;           0.031
                  64;              2764800;             85252146;           0.032
                  65;              2764800;             85321502;           0.032
                  66;              2764800;             86567433;           0.032
                  67;              2764800;             87752354;           0.032
                  68;              2764800;             85219888;           0.032
                  69;              2764800;             86240565;           0.032
                  70;              2764800;             85333331;           0.032
                  71;              2764800;             85961432;           0.032
                  72;              2764800;             86164958;           0.032
                  73;              2764800;             85902208;           0.032
                  74;              2764800;             85455946;           0.032
                  75;              2764800;             85757499;           0.032
                  76;              2764800;             85841422;           0.032
                  77;              2764800;             85486918;           0.032
                  78;              2764800;             87587457;           0.032
                  79;              2764800;             85033231;           0.033
                  80;              2764800;             85636238;           0.032
                  81;              2764800;             85941129;           0.032
                  82;              2764800;             85712934;           0.032
                  83;              2764800;             85169812;           0.032
                  84;              2764800;             87908892;           0.031
                  85;              2764800;             86649209;           0.032
                  86;              2764800;             85693684;           0.032
                  87;              2764800;             85585658;           0.032
                  88;              2764800;             85918523;           0.032
                  89;              2764800;             86551708;           0.032
                  90;              2764800;             86166146;           0.032
                  91;              2764800;             85983923;           0.032
                  92;              2764800;             85885894;           0.032
                  93;              2764800;             86276627;           0.032
                  94;              2764800;             87076393;           0.032
                  95;              2764800;             85939992;           0.032
                  96;              2764800;             85597501;           0.032
                  97;              2764800;             85608024;           0.032
                  98;              2764800;             84955421;           0.033
                  99;              2764800;             85232935;           0.032
                 100;              2764800;             84978415;           0.033
                 101;              2764800;             84764317;           0.033
                 102;              2764800;             84906690;           0.033
                 103;              2764800;             85698617;           0.032
                 104;              2764800;             84916974;           0.033
                 105;              2764800;             87849427;           0.031
                 106;              2764800;             86839519;           0.032
                 107;              2764800;             84994907;           0.033
                 108;              2764800;             85479838;           0.032
                 109;              2764800;             85415645;           0.032
                 110;              2764800;             85347462;           0.032
                 111;              2764800;             85370381;           0.032
                 112;              2764800;             85023471;           0.033
                 113;              2764800;             85320480;           0.032
                 114;              2764800;             85784209;           0.032
                 115;              2764800;             85149935;           0.032
                 116;              2764800;             85738190;           0.032
                 117;              2764800;             85095604;           0.032
                 118;              2764800;             85468598;           0.032
                 119;              2764800;             86270955;           0.032
                 120;              2764800;             86202804;           0.032
                 121;              2764800;             85117395;           0.032
                 122;              2764800;             85755586;           0.032
                 123;              2764800;             85905863;           0.032
                 124;              2764800;             86230133;           0.032
                 125;              2764800;             85823020;           0.032
                 126;              2764800;             86594338;           0.032
                 127;              2764800;             91666010;           0.030
                 128;              2764800;             87520004;           0.032
                 129;              2764800;             86953426;           0.032
                 130;              2764800;             85702978;           0.032
                 131;              2764800;             86212287;           0.032
                 132;              2764800;             85870849;           0.032
                 133;              2764800;             87040341;           0.032
                 134;              2764800;             86602166;           0.032
                 135;              2764800;             86208616;           0.032
                 136;              2764800;             87030604;           0.032
                 137;              2764800;             86360483;           0.032
                 138;              2764800;             86300292;           0.032
                 139;              2764800;             85994567;           0.032
                 140;              2764800;             86823885;           0.032
                 141;              2764800;             86215611;           0.032
                 142;              2764800;             86450749;           0.032
                 143;              2764800;             87076905;           0.032
                 144;              2764800;             87082326;           0.032
                 145;              2764800;             86111796;           0.032
                 146;              2764800;             87793001;           0.031
                 147;              2764800;             87385207;           0.032
                 148;              2764800;             93797239;           0.029
                 149;              2764800;             86907594;           0.032
                 150;              2764800;             87269439;           0.032
                 151;              2764800;             88741049;           0.031
                 152;              2764800;             86996834;           0.032
                 153;              2764800;             86480364;           0.032
                 154;              2764800;             86917761;           0.032
                 155;              2764800;             87012422;           0.032
                 156;              2764800;             86815834;           0.032
                 157;              2764800;             87427369;           0.032
                 158;              2764800;             87663092;           0.032
                 159;              2764800;             87495895;           0.032
                 160;              2764800;             89667179;           0.031
                 161;              2764800;             87445749;           0.032
                 162;              2764800;             87622903;           0.032
                 163;              2764800;             89172033;           0.031
                 164;              2764800;             87043882;           0.032
                 165;              2764800;             86500177;           0.032
                 166;              2764800;             86537043;           0.032
                 167;              2764800;             88059563;           0.031
                 168;              2764800;             86547910;           0.032
                 169;              2764800;             91437337;           0.030
                 170;              2764800;             87565103;           0.032
                 171;              2764800;             89280363;           0.031
                 172;              2764800;             87219603;           0.032
                 173;              2764800;             87438027;           0.032
                 174;              2764800;             86941890;           0.032
                 175;              2764800;             86488099;           0.032
                 176;              2764800;             87693889;           0.032
                 177;              2764800;             87068344;           0.032
                 178;              2764800;             87384740;           0.032
                 179;              2764800;             87697781;           0.032
                 180;              2764800;             86370219;           0.032
                 181;              2764800;             87110298;           0.032
                 182;              2764800;             86765336;           0.032
                 183;              2764800;             87481304;           0.032
                 184;              2764800;             87693776;           0.032
                 185;              2764800;             87807540;           0.031
                 186;              2764800;             86858275;           0.032
                 187;              2764800;             86970147;           0.032
                 188;              2764800;             88849276;           0.031
                 189;              2764800;             86909158;           0.032
                 190;              2764800;             93456931;           0.030
                 191;              2764800;             87721617;           0.032
                 192;              2764800;             87771656;           0.031
                 193;              2764800;             86692716;           0.032
                 194;              2764800;             87225955;           0.032
                 195;              2764800;             86582991;           0.032
                 196;              2764800;             87300465;           0.032
                 197;              2764800;             87657324;           0.032
                 198;              2764800;             87464181;           0.032
                 199;              2764800;             88516603;           0.031
                 200;              2764800;             86244387;           0.032
                 201;              2764800;             86624855;           0.032
                 202;              2764800;             87624246;           0.032
                 203;              2764800;             86989667;           0.032
                 204;              2764800;             87787456;           0.031
                 205;              2764800;             87071316;           0.032
                 206;              2764800;             87091450;           0.032
                 207;              2764800;             87645577;           0.032
                 208;              2764800;             87699168;           0.032
                 209;              2764800;             89863905;           0.031
                 210;              2764800;             87590011;           0.032
                 211;              2764800;             95656199;           0.029
                 212;              2764800;             87860004;           0.031
                 213;              2764800;             87736632;           0.032
                 214;              2764800;             87289474;           0.032
                 215;              2764800;             86876649;           0.032
                 216;              2764800;             87167497;           0.032
                 217;              2764800;             87353314;           0.032
                 218;              2764800;             86804672;           0.032
                 219;              2764800;             87501399;           0.032
                 220;              2764800;             86569980;           0.032
                 221;              2764800;             87337295;           0.032
                 222;              2764800;             87511183;           0.032
                 223;              2764800;             87597042;           0.032
                 224;              2764800;             87823304;           0.031
                 225;              2764800;             87780098;           0.031
                 226;              2764800;             86748223;           0.032
                 227;              2764800;             87230028;           0.032
                 228;              2764800;             87227660;           0.032
                 229;              2764800;             87122849;           0.032
                 230;              2764800;             87360642;           0.032
                 231;              2764800;             87265395;           0.032
                 232;              2764800;             94465893;           0.029
                 233;              2764800;             87324940;           0.032
                 234;              2764800;             88025201;           0.031
                 235;              2764800;             87934775;           0.031
                 236;              2764800;             88026274;           0.031
                 237;              2764800;             86883976;           0.032
                 238;              2764800;             88181498;           0.031
                 239;              2764800;             87271213;           0.032
                 240;              2764800;             87037855;           0.032
                 241;              2764800;             87154286;           0.032
                 242;              2764800;             88686125;           0.031
                 243;              2764800;             87488709;           0.032
                 244;              2764800;             86970935;           0.032
                 245;              2764800;             87406810;           0.032
                 246;              2764800;             87884323;           0.031
                 247;              2764800;             86853599;           0.032
                 248;              2764800;             88020045;           0.031
                 249;              2764800;             87841030;           0.031
                 250;              2764800;             86789486;           0.032
                 251;              2764800;             88031778;           0.031
                 252;              2764800;             90230249;           0.031
                 253;              2764800;             92208277;           0.030
                 254;              2764800;             88462048;           0.031
                 255;              2764800;             87656017;           0.032
                 256;              2764800;            100421382;           0.028
                 257;              2764800;             87421277;           0.032
                 258;              2764800;             88517938;           0.031
                 259;              2764800;             88143322;           0.031
                 260;              2764800;             88445267;           0.031
                 261;              2764800;             87738192;           0.032
                 262;              2764800;             87391579;           0.032
                 263;              2764800;             87453201;           0.032
                 264;              2764800;             87437012;           0.032
                 265;              2764800;             86720005;           0.032
                 266;              2764800;             86872863;           0.032
                 267;              2764800;             87426953;           0.032
                 268;              2764800;             87771391;           0.032
                 269;              2764800;             88362693;           0.031
                 270;              2764800;             87017105;           0.032
                 271;              2764800;             87902286;           0.031
                 272;              2764800;             87919858;           0.031
                 273;              2764800;             95391453;           0.029
                 274;              2764800;             87523532;           0.032
                 275;              2764800;             87638208;           0.032
                 276;              2764800;             86922355;           0.032
                 277;              2764800;             88335381;           0.031
                 278;              2764800;             87697420;           0.032
                 279;              2764800;             88198721;           0.031
                 280;              2764800;             87010383;           0.032
                 281;              2764800;             86917175;           0.032
                 282;              2764800;             87369264;           0.032
                 283;              2764800;             86621185;           0.032
                 284;              2764800;             87349903;           0.032
                 285;              2764800;             87446071;           0.032
                 286;              2764800;            103407293;           0.027
                 287;              2764800;             87112958;           0.032
                 288;              2764800;             87331199;           0.032
                 289;              2764800;             87937043;           0.031
                 290;              2764800;             88242422;           0.031
                 291;              2764800;             89288256;           0.031
                 292;              2764800;             88451738;           0.031
                 293;              2764800;             91282204;           0.030
                 294;              2764800;             88673483;           0.031
                 295;              2764800;             87073856;           0.032
                 296;              2764800;             87307704;           0.032
                 297;              2764800;             87445219;           0.032
                 298;              2764800;             88291756;           0.031
                 299;              2764800;             87937907;           0.031
                 300;              2764800;             88230826;           0.031
                 301;              2764800;             87976054;           0.031
                 302;              2764800;             87427931;           0.032
                 303;              2764800;             87079552;           0.032
                 304;              2764800;             87842704;           0.031
                 305;              2764800;             87346530;           0.032
                 306;              2764800;             88618416;           0.031
                 307;              2764800;             87848866;           0.031
                 308;              2764800;             88396964;           0.031
                 309;              2764800;             88553737;           0.031
                 310;              2764800;             87428396;           0.032
                 311;              2764800;             88743426;           0.031
                 312;              2764800;             87539979;           0.032
                 313;              2764800;             90999491;           0.030
                 314;              2764800;             88449110;           0.031
                 315;              2764800;             87721739;           0.032
                 316;              2764800;             88008791;           0.031
                 317;              2764800;             88443421;           0.031
                 318;              2764800;             87523539;           0.032
                 319;              2764800;             87523720;           0.032
                 320;              2764800;             87868523;           0.031
                 321;              2764800;             87313113;           0.032
                 322;              2764800;             88174293;           0.031
                 323;              2764800;             87460559;           0.032
                 324;              2764800;             87950691;           0.031
                 325;              2764800;             88507524;           0.031
                 326;              2764800;             88182336;           0.031
                 327;              2764800;             88241931;           0.031
                 328;              2764800;             88596526;           0.031
                 329;              2764800;             88327924;           0.031
                 330;              2764800;             87264331;           0.032
                 331;              2764800;             88503390;           0.031
                 332;              2764800;             87877779;           0.031
                 333;              2764800;             91890164;           0.030
                 334;              2764800;             88961240;           0.031
                 335;              2764800;             88481804;           0.031
                 336;              2764800;             88017295;           0.031
                 337;              2764800;             88183890;           0.031
                 338;              2764800;             88410535;           0.031
                 339;              2764800;             88289572;           0.031
                 340;              2764800;             87704175;           0.032
                 341;              2764800;             87627106;           0.032
                 342;              2764800;             88066818;           0.031
                 343;              2764800;             87371709;           0.032
                 344;              2764800;             87412379;           0.032
                 345;              2764800;             87972283;           0.031
                 346;              2764800;             87725028;           0.032
                 347;              2764800;             88717870;           0.031
                 348;              2764800;             88119042;           0.031
                 349;              2764800;             88261918;           0.031
                 350;              2764800;             88663009;           0.031
                 351;              2764800;             89011285;           0.031
                 352;              2764800;             89102268;           0.031
                 353;              2764800;             91045577;           0.030
                 354;              2764800;             90098318;           0.031
                 355;              2764800;             88018066;           0.031
                 356;              2764800;             88418187;           0.031
                 357;              2764800;             88351365;           0.031
                 358;              2764800;             88156679;           0.031
                 359;              2764800;             88425182;           0.031
[MAQAO] STOP PROFILING (host kali, process 20894)
[MAQAO] DUMPING SAMPLES (host kali, process 20894)
[MAQAO] FINISHED DUMPING SAMPLES (host kali, process 20894)
[MAQAO] DUMPING SOURCE INFO FOR CALLCHAIN NODES (host kali, process 20894)
[MAQAO] FINISHED DUMPING SOURCE INFO FOR CALLCHAIN NODES (host kali, process 20894)
[MAQAO] ANALYZING binary (host kali)
[MAQAO] binary (host kali) DONE
[MAQAO] Your experiment path is /home/pavel/Documents/COURS/IATIC_4/AOB/fastimage_alpha_glasgow/src/maqao_2020-04-20_07-01-19/lprof_npsu/
[MAQAO] To display your profiling results:
#################################################################################################
#    LEVEL    |     REPORT     |                            COMMAND                             #
#################################################################################################
#  Functions  |  Cluster-wide  |  maqao lprof -df xp=/home/pavel/Documents/COURS/IATIC_4/AOB/f  #
#  Functions  |  Per-node      |  maqao lprof -df -dn xp=/home/pavel/Documents/COURS/IATIC_4/A  #
#  Functions  |  Per-process   |  maqao lprof -df -dp xp=/home/pavel/Documents/COURS/IATIC_4/A  #
#  Functions  |  Per-thread    |  maqao lprof -df -dt xp=/home/pavel/Documents/COURS/IATIC_4/A  #
#  Loops      |  Cluster-wide  |  maqao lprof -dl xp=/home/pavel/Documents/COURS/IATIC_4/AOB/f  #
#  Loops      |  Per-node      |  maqao lprof -dl -dn xp=/home/pavel/Documents/COURS/IATIC_4/A  #
#  Loops      |  Per-process   |  maqao lprof -dl -dp xp=/home/pavel/Documents/COURS/IATIC_4/A  #
#  Loops      |  Per-thread    |  maqao lprof -dl -dt xp=/home/pavel/Documents/COURS/IATIC_4/A  #
#################################################################################################

